2019-07-15 13:32:30.663 INFO [restartedMain]com.example.demo2.Demo2Application.logStarting:50 -Starting Demo2Application on DESKTOP-8SSTCDO with PID 16016 (started by 86182 in D:\工具\学习资料\springboot2\demo2)
2019-07-15 13:32:30.666 INFO [restartedMain]com.example.demo2.Demo2Application.logStartupProfileInfo:659 -No active profile set, falling back to default profiles: default
2019-07-15 13:32:30.770 INFO [restartedMain]o.s.b.w.s.c.AnnotationConfigServletWebServerApplicationContext.prepareRefresh:590 -Refreshing org.springframework.boot.web.servlet.context.AnnotationConfigServletWebServerApplicationContext@2b8fe1c0: startup date [Mon Jul 15 13:32:30 CST 2019]; root of context hierarchy
2019-07-15 13:32:33.184 INFO [restartedMain]o.s.boot.web.embedded.tomcat.TomcatWebServer.initialize:91 -Tomcat initialized with port(s): 8080 (http)
2019-07-15 13:32:33.213 INFO [restartedMain]org.apache.coyote.http11.Http11NioProtocol.log:180 -Initializing ProtocolHandler ["http-nio-8080"]
2019-07-15 13:32:33.226 INFO [restartedMain]org.apache.catalina.core.StandardService.log:180 -Starting service [Tomcat]
2019-07-15 13:32:33.228 INFO [restartedMain]org.apache.catalina.core.StandardEngine.log:180 -Starting Servlet Engine: Apache Tomcat/8.5.31
2019-07-15 13:32:33.238 INFO [localhost-startStop-1]org.apache.catalina.core.AprLifecycleListener.log:180 -The APR based Apache Tomcat Native library which allows optimal performance in production environments was not found on the java.library.path: [C:\Program Files\Java\jdk1.8.0_102\bin;C:\Windows\Sun\Java\bin;C:\Windows\system32;C:\Windows;C:/Program Files/Java/jre1.8.0_102/bin/server;C:/Program Files/Java/jre1.8.0_102/bin;C:/Program Files/Java/jre1.8.0_102/lib/amd64;D:\工具\xshell\;C:\ProgramData\Oracle\Java\javapath;C:\Program Files (x86)\Intel\Intel(R) Management Engine Components\iCLS\;C:\Program Files\Intel\Intel(R) Management Engine Components\iCLS\;C:\Windows\system32;C:\Windows;C:\Windows\System32\Wbem;C:\Windows\System32\WindowsPowerShell\v1.0\;C:\Windows\System32\OpenSSH\;C:\Program Files (x86)\Intel\Intel(R) Management Engine Components\DAL;C:\Program Files\Intel\Intel(R) Management Engine Components\DAL;D:\apache-maven-3.5.4\apache-maven-3.5.4\bin\;C:\Program Files\TortoiseSVN\bin;C:\Program Files\MySQL\MySQL Utilities 1.6\;C:\Users\86182\AppData\Local\Microsoft\WindowsApps;;D:\eclipse;;.]
2019-07-15 13:32:33.377 INFO [localhost-startStop-1]o.a.catalina.core.ContainerBase.[Tomcat].[localhost].[/].log:180 -Initializing Spring embedded WebApplicationContext
2019-07-15 13:32:33.377 INFO [localhost-startStop-1]org.springframework.web.context.ContextLoader.prepareWebApplicationContext:285 -Root WebApplicationContext: initialization completed in 2607 ms
2019-07-15 13:32:33.628 INFO [localhost-startStop-1]o.s.boot.web.servlet.ServletRegistrationBean.addRegistration:186 -Servlet dispatcherServlet mapped to [/]
2019-07-15 13:32:33.630 INFO [localhost-startStop-1]o.s.boot.web.servlet.ServletRegistrationBean.addRegistration:186 -Servlet userServlet mapped to [/v1/api/test/customer]
2019-07-15 13:32:33.635 INFO [localhost-startStop-1]o.s.boot.web.servlet.FilterRegistrationBean.configure:245 -Mapping filter: 'characterEncodingFilter' to: [/*]
2019-07-15 13:32:33.636 INFO [localhost-startStop-1]o.s.boot.web.servlet.FilterRegistrationBean.configure:245 -Mapping filter: 'hiddenHttpMethodFilter' to: [/*]
2019-07-15 13:32:33.636 INFO [localhost-startStop-1]o.s.boot.web.servlet.FilterRegistrationBean.configure:245 -Mapping filter: 'httpPutFormContentFilter' to: [/*]
2019-07-15 13:32:33.636 INFO [localhost-startStop-1]o.s.boot.web.servlet.FilterRegistrationBean.configure:245 -Mapping filter: 'requestContextFilter' to: [/*]
2019-07-15 13:32:33.636 INFO [localhost-startStop-1]o.s.boot.web.servlet.FilterRegistrationBean.configure:258 -Mapping filter: 'loginFilter' to urls: [/api/*]
2019-07-15 13:32:34.205 INFO [restartedMain]o.s.web.servlet.handler.SimpleUrlHandlerMapping.registerHandler:373 -Mapped URL path [/**/favicon.ico] onto handler of type [class org.springframework.web.servlet.resource.ResourceHttpRequestHandler]
2019-07-15 13:32:34.438 INFO [restartedMain]o.s.w.s.m.method.annotation.RequestMappingHandlerAdapter.initControllerAdviceCache:574 -Looking for @ControllerAdvice: org.springframework.boot.web.servlet.context.AnnotationConfigServletWebServerApplicationContext@2b8fe1c0: startup date [Mon Jul 15 13:32:30 CST 2019]; root of context hierarchy
2019-07-15 13:32:34.519 INFO [restartedMain]o.s.w.s.m.method.annotation.RequestMappingHandlerMapping.register:547 -Mapped "{[/]}" onto public java.lang.String com.example.controller.DemoController.home()
2019-07-15 13:32:34.520 INFO [restartedMain]o.s.w.s.m.method.annotation.RequestMappingHandlerMapping.register:547 -Mapped "{[/test/home],methods=[GET]}" onto public java.lang.Object com.example.controller.DemoController.testhome()
2019-07-15 13:32:34.521 INFO [restartedMain]o.s.w.s.m.method.annotation.RequestMappingHandlerMapping.register:547 -Mapped "{[/testjson]}" onto public java.lang.Object com.example.controller.DemoController.testjson()
2019-07-15 13:32:34.521 INFO [restartedMain]o.s.w.s.m.method.annotation.RequestMappingHandlerMapping.register:547 -Mapped "{[/gopage]}" onto public java.lang.Object com.example.controller.ExceptionController.index()
2019-07-15 13:32:34.522 INFO [restartedMain]o.s.w.s.m.method.annotation.RequestMappingHandlerMapping.register:547 -Mapped "{[/gomyexception]}" onto public java.lang.Object com.example.controller.ExceptionController.gomyexception()
2019-07-15 13:32:34.523 INFO [restartedMain]o.s.w.s.m.method.annotation.RequestMappingHandlerMapping.register:547 -Mapped "{[/testapi]}" onto public java.lang.Object com.example.controller.FileController.index()
2019-07-15 13:32:34.524 INFO [restartedMain]o.s.w.s.m.method.annotation.RequestMappingHandlerMapping.register:547 -Mapped "{[/upload]}" onto public com.example.pojo.JsonData com.example.controller.FileController.upload(org.springframework.web.multipart.MultipartFile,javax.servlet.http.HttpServletRequest)
2019-07-15 13:32:34.525 INFO [restartedMain]o.s.w.s.m.method.annotation.RequestMappingHandlerMapping.register:547 -Mapped "{[/saveUser]}" onto public java.lang.Object com.example.controller.GetController.saveUser(com.example.pojo.User)
2019-07-15 13:32:34.525 INFO [restartedMain]o.s.w.s.m.method.annotation.RequestMappingHandlerMapping.register:547 -Mapped "{[/getRequest]}" onto public java.lang.Object com.example.controller.GetController.getRequest(javax.servlet.http.HttpServletRequest)
2019-07-15 13:32:34.526 INFO [restartedMain]o.s.w.s.m.method.annotation.RequestMappingHandlerMapping.register:547 -Mapped "{[/testGetMapping],methods=[GET]}" onto public java.lang.Object com.example.controller.GetController.testGetMapping(java.lang.String,java.lang.String)
2019-07-15 13:32:34.526 INFO [restartedMain]o.s.w.s.m.method.annotation.RequestMappingHandlerMapping.register:547 -Mapped "{[/testProperties],methods=[GET]}" onto public java.lang.Object com.example.controller.GetController.testProperties()
2019-07-15 13:32:34.526 INFO [restartedMain]o.s.w.s.m.method.annotation.RequestMappingHandlerMapping.register:547 -Mapped "{[/api/test1],methods=[GET]}" onto public java.lang.Object com.example.controller.GetController.test1()
2019-07-15 13:32:34.527 INFO [restartedMain]o.s.w.s.m.method.annotation.RequestMappingHandlerMapping.register:547 -Mapped "{[/getHeader]}" onto public java.lang.Object com.example.controller.GetController.getHeader(java.lang.String,java.lang.String)
2019-07-15 13:32:34.533 INFO [restartedMain]o.s.w.s.m.method.annotation.RequestMappingHandlerMapping.register:547 -Mapped "{[/put],methods=[PUT]}" onto public java.lang.Object com.example.controller.OtherHttpController.put(java.lang.String)
2019-07-15 13:32:34.534 INFO [restartedMain]o.s.w.s.m.method.annotation.RequestMappingHandlerMapping.register:547 -Mapped "{[/delete],methods=[DELETE]}" onto public java.lang.Object com.example.controller.OtherHttpController.delete(java.lang.String)
2019-07-15 13:32:34.535 INFO [restartedMain]o.s.w.s.m.method.annotation.RequestMappingHandlerMapping.register:547 -Mapped "{[/login],methods=[POST]}" onto public java.lang.Object com.example.controller.OtherHttpController.login(java.lang.String,java.lang.String)
2019-07-15 13:32:34.536 INFO [restartedMain]o.s.w.s.m.method.annotation.RequestMappingHandlerMapping.register:547 -Mapped "{[/task/testLog],methods=[GET]}" onto public java.lang.Object com.example.controller.TaskController.testLog()
2019-07-15 13:32:34.537 INFO [restartedMain]o.s.w.s.m.method.annotation.RequestMappingHandlerMapping.register:547 -Mapped "{[/task/ansy_tast],methods=[GET]}" onto public com.example.pojo.JsonData com.example.controller.TaskController.exeTask() throws java.lang.InterruptedException
2019-07-15 13:32:34.538 INFO [restartedMain]o.s.w.s.m.method.annotation.RequestMappingHandlerMapping.register:547 -Mapped "{[/thymyleaf/index]}" onto public java.lang.String com.example.controller.ThymeleafController.index()
2019-07-15 13:32:34.539 INFO [restartedMain]o.s.w.s.m.method.annotation.RequestMappingHandlerMapping.register:547 -Mapped "{[/api/v1/user/add],methods=[GET]}" onto public java.lang.Object com.example.controller.UserController.add()
2019-07-15 13:32:34.542 INFO [restartedMain]o.s.w.s.m.method.annotation.RequestMappingHandlerMapping.register:547 -Mapped "{[/error]}" onto public org.springframework.http.ResponseEntity<java.util.Map<java.lang.String, java.lang.Object>> org.springframework.boot.autoconfigure.web.servlet.error.BasicErrorController.error(javax.servlet.http.HttpServletRequest)
2019-07-15 13:32:34.544 INFO [restartedMain]o.s.w.s.m.method.annotation.RequestMappingHandlerMapping.register:547 -Mapped "{[/error],produces=[text/html]}" onto public org.springframework.web.servlet.ModelAndView org.springframework.boot.autoconfigure.web.servlet.error.BasicErrorController.errorHtml(javax.servlet.http.HttpServletRequest,javax.servlet.http.HttpServletResponse)
2019-07-15 13:32:34.580 INFO [restartedMain]o.s.web.servlet.handler.SimpleUrlHandlerMapping.registerHandler:373 -Mapped URL path [/webjars/**] onto handler of type [class org.springframework.web.servlet.resource.ResourceHttpRequestHandler]
2019-07-15 13:32:34.581 INFO [restartedMain]o.s.web.servlet.handler.SimpleUrlHandlerMapping.registerHandler:373 -Mapped URL path [/**] onto handler of type [class org.springframework.web.servlet.resource.ResourceHttpRequestHandler]
2019-07-15 13:32:34.601 INFO [restartedMain]o.s.w.s.m.m.annotation.ExceptionHandlerExceptionResolver.initExceptionHandlerAdviceCache:288 -Detected @ExceptionHandler methods in customExHandler
2019-07-15 13:32:34.669 WARN [restartedMain]org.thymeleaf.templatemode.TemplateMode.parse:150 -[THYMELEAF][restartedMain] Template Mode 'HTML5' is deprecated. Using Template Mode 'HTML' instead.
2019-07-15 13:32:34.740 INFO [restartedMain]o.s.b.a.web.servlet.WelcomePageHandlerMapping.<init>:56 -Adding welcome page: class path resource [static/index.html]
2019-07-15 13:32:35.021 INFO [restartedMain]o.s.boot.devtools.autoconfigure.OptionalLiveReloadServer.startServer:57 -LiveReload server is running on port 35729
2019-07-15 13:32:35.052 INFO [restartedMain]o.s.jmx.export.annotation.AnnotationMBeanExporter.afterSingletonsInstantiated:433 -Registering beans for JMX exposure on startup
2019-07-15 13:32:35.054 INFO [restartedMain]o.s.jmx.export.annotation.AnnotationMBeanExporter.autodetect:895 -Bean with name 'dataSource' has been autodetected for JMX exposure
2019-07-15 13:32:35.058 INFO [restartedMain]o.s.jmx.export.annotation.AnnotationMBeanExporter.registerBeanInstance:668 -Located MBean 'dataSource': registering with JMX server as MBean [com.alibaba.druid.pool:name=dataSource,type=DruidDataSource]
2019-07-15 13:32:35.075 INFO [restartedMain]org.apache.coyote.http11.Http11NioProtocol.log:180 -Starting ProtocolHandler ["http-nio-8080"]
2019-07-15 13:32:35.087 INFO [restartedMain]org.apache.tomcat.util.net.NioSelectorPool.log:180 -Using a shared selector for servlet write/read
2019-07-15 13:32:35.105 INFO [restartedMain]o.s.boot.web.embedded.tomcat.TomcatWebServer.start:206 -Tomcat started on port(s): 8080 (http) with context path ''
2019-07-15 13:32:35.110 INFO [restartedMain]com.example.demo2.Demo2Application.logStarted:59 -Started Demo2Application in 5.081 seconds (JVM running for 5.598)
2019-07-15 13:33:24.575 INFO [http-nio-8080-exec-1]org.apache.tomcat.util.http.parser.Cookie.log:180 -A cookie header was received [1562316678; ZINDEXNUMBER=2000] that contained an invalid cookie. That cookie will be ignored.Note: further occurrences of this error will be logged at DEBUG level.
2019-07-15 13:33:24.583 INFO [http-nio-8080-exec-1]o.a.catalina.core.ContainerBase.[Tomcat].[localhost].[/].log:180 -Initializing Spring FrameworkServlet 'dispatcherServlet'
2019-07-15 13:33:24.583 INFO [http-nio-8080-exec-1]org.springframework.web.servlet.DispatcherServlet.initServletBean:494 -FrameworkServlet 'dispatcherServlet': initialization started
2019-07-15 13:33:24.617 INFO [http-nio-8080-exec-1]org.springframework.web.servlet.DispatcherServlet.initServletBean:509 -FrameworkServlet 'dispatcherServlet': initialization completed in 34 ms
2019-07-15 13:33:24.649 INFO [http-nio-8080-exec-1]com.example.controller.TaskController.testLog:30 -this is info
2019-07-15 13:33:24.650 WARN [http-nio-8080-exec-1]com.example.controller.TaskController.testLog:31 -this is warn
2019-07-15 13:35:46.748 INFO [http-nio-8080-exec-4]com.example.controller.TaskController.testLog:30 -this is info
2019-07-15 13:35:46.748 WARN [http-nio-8080-exec-4]com.example.controller.TaskController.testLog:31 -this is warn
2019-07-15 16:23:41.067 INFO [restartedMain]com.example.demo2.Demo2Application.logStarting:50 -Starting Demo2Application on DESKTOP-8SSTCDO with PID 3856 (started by 86182 in D:\工具\学习资料\springboot2\demo2)
2019-07-15 16:23:41.068 INFO [restartedMain]com.example.demo2.Demo2Application.logStartupProfileInfo:659 -No active profile set, falling back to default profiles: default
